[debug] ----------------------------------------------------------------------
[debug] Command:      C:\Program Files\nodejs\node.exe C:\Users\louis\AppData\Roaming\npm\node_modules\firebase-tools\bin\firebase serve
[debug] CLI Version:  3.4.0
[debug] Platform:     win32
[debug] Node Version: v6.9.1
[debug] Time:         Thu Mar 02 2017 22:29:01 GMT+0100 (W. Europe Standard Time)
[debug] ----------------------------------------------------------------------
[debug] 
[info] Starting Firebase development server...
[info] 
[info] Project Directory: C:\Users\louis\OneDrive\Documents\Coding\tinekekeramiek
[info] Public Directory: public
[info] 
[info] Server listening at: http://localhost:5000
[debug] ----------------------------------------------------------------------
[debug] Command:      C:\Program Files\nodejs\node.exe C:\Users\louis\AppData\Roaming\npm\node_modules\firebase-tools\bin\firebase serve
[debug] CLI Version:  3.4.0
[debug] Platform:     win32
[debug] Node Version: v6.9.1
[debug] Time:         Wed Mar 15 2017 20:55:25 GMT+0100 (W. Europe Standard Time)
[debug] ----------------------------------------------------------------------
[debug] 
[info] Starting Firebase development server...
[info] 
[info] Project Directory: C:\Users\louis\OneDrive\Documents\Coding\tinekekeramiek
[info] Public Directory: public
[info] 
[info] Server listening at: http://localhost:5000
[debug] ----------------------------------------------------------------------
[debug] Command:      C:\Program Files\nodejs\node.exe C:\Users\louis\AppData\Roaming\npm\node_modules\firebase-tools\bin\firebase serve
[debug] CLI Version:  3.4.0
[debug] Platform:     win32
[debug] Node Version: v6.9.1
[debug] Time:         Sat Mar 18 2017 12:33:35 GMT+0100 (W. Europe Standard Time)
[debug] ----------------------------------------------------------------------
[debug] 
[info] Starting Firebase development server...
[info] 
[info] Project Directory: C:\Users\louis\OneDrive\Documents\Coding\tinekekeramiek
[info] Public Directory: public
[info] 
[info] Server listening at: http://localhost:5000
